<?xml version="1.0" encoding="UTF-8"?>
<testng-results ignored="0" total="1" passed="1" failed="0" skipped="0">
  <reporter-output>
  </reporter-output>
  <suite started-at="2025-04-17T09:36:23 IST" name="Default suite" finished-at="2025-04-17T09:36:25 IST" duration-ms="2139">
    <groups>
      <group name="cucumber">
        <method signature="AbstractTestNGCucumberTests.runScenario(io.cucumber.testng.PickleWrapper,io.cucumber.testng.FeatureWrapper)[pri:0, instance:RunnerNew.RegistrationRunner@272113c4]" name="runScenario" class="io.cucumber.testng.AbstractTestNGCucumberTests"/>
      </group> <!-- cucumber -->
    </groups>
    <test started-at="2025-04-17T09:36:23 IST" name="Default test" finished-at="2025-04-17T09:36:25 IST" duration-ms="2139">
      <class name="RunnerNew.RegistrationRunner">
        <test-method is-config="true" signature="setUpClass(org.testng.ITestContext)[pri:0, instance:RunnerNew.RegistrationRunner@272113c4]" started-at="2025-04-17T09:36:23 IST" name="setUpClass" finished-at="2025-04-17T09:36:25 IST" duration-ms="1595" status="PASS">
          <params>
            <param index="0">
              <value>
                <![CDATA[org.testng.TestRunner@89c65d5]]>
              </value>
            </param>
          </params>
          <reporter-output>
          </reporter-output>
        </test-method> <!-- setUpClass -->
        <test-method signature="runScenario(io.cucumber.testng.PickleWrapper,io.cucumber.testng.FeatureWrapper)[pri:0, instance:RunnerNew.RegistrationRunner@272113c4]" started-at="2025-04-17T09:36:25 IST" name="runScenario" description="Runs Cucumber Scenarios" data-provider="scenarios" finished-at="2025-04-17T09:36:25 IST" duration-ms="344" status="PASS">
          <params>
            <param index="0">
              <value>
                <![CDATA["Opning bank account with nominee"]]>
              </value>
            </param>
            <param index="1">
              <value>
                <![CDATA["Opening bank account"]]>
              </value>
            </param>
          </params>
          <reporter-output>
          </reporter-output>
        </test-method> <!-- runScenario -->
        <test-method is-config="true" signature="tearDownClass()[pri:0, instance:RunnerNew.RegistrationRunner@272113c4]" started-at="2025-04-17T09:36:25 IST" name="tearDownClass" finished-at="2025-04-17T09:36:25 IST" duration-ms="65" status="PASS">
          <reporter-output>
          </reporter-output>
        </test-method> <!-- tearDownClass -->
      </class> <!-- RunnerNew.RegistrationRunner -->
    </test> <!-- Default test -->
  </suite> <!-- Default suite -->
</testng-results>
